{"timestamp":1655216986,"date":"June 14 2022, 16:29:46"}
{"timestamp":1655217169,"date":"June 14 2022, 16:32:49"}
{"timestamp":1655225428,"date":"June 14 2022, 18:50:28"}
{"timestamp":1655228104,"date":"June 14 2022, 19:35:04"}
{"timestamp":1655322548,"date":"June 15 2022, 21:49:08"}
{"timestamp":1655322598,"date":"June 15 2022, 21:49:58"}
{"timestamp":1655322645,"date":"June 15 2022, 21:50:45"}
{"timestamp":1655327545,"date":"June 15 2022, 23:12:25"}
{"timestamp":1655331088,"date":"June 16 2022, 00:11:28"}
{"timestamp":1655331227,"date":"June 16 2022, 00:13:47"}
{"timestamp":1657142405,"date":"July 06 2022, 23:20:05"}
{"timestamp":1658606727,"date":"July 23 2022, 22:05:27"}
{"timestamp":1658679617,"date":"July 24 2022, 18:20:17"}
{"timestamp":1658922499,"date":"July 27 2022, 13:48:19"}
{"timestamp":1662649332,"date":"September 08 2022, 17:02:12"}
{"timestamp":1664541827,"date":"September 30 2022, 14:43:47"}
{"timestamp":1664803792,"date":"October 03 2022, 15:29:52"}
{"timestamp":1666010770,"date":"October 17 2022, 14:46:10"}
{"timestamp":1666105069,"date":"October 18 2022, 16:57:49"}
{"timestamp":1666445499,"date":"October 22 2022, 15:31:39"}
{"timestamp":1666446143,"date":"October 22 2022, 15:42:23"}
{"timestamp":1666451194,"date":"October 22 2022, 17:06:34"}
{"timestamp":1666456173,"date":"October 22 2022, 18:29:33"}
{"timestamp":1666617471,"date":"October 24 2022, 14:17:51"}
{"timestamp":1666634102,"date":"October 24 2022, 18:55:02"}
{"timestamp":1666642406,"date":"October 24 2022, 21:13:26"}
{"timestamp":1666781525,"date":"October 26 2022, 11:52:05"}
{"timestamp":1666789576,"date":"October 26 2022, 14:06:16"}
{"timestamp":1666804262,"date":"October 26 2022, 18:11:02"}
{"timestamp":1666878286,"date":"October 27 2022, 14:44:46"}
{"timestamp":1666902134,"date":"October 27 2022, 21:22:14"}
{"timestamp":1667082787,"date":"October 29 2022, 23:33:07"}
{"timestamp":1667086254,"date":"October 30 2022, 00:30:54"}
{"timestamp":1667087547,"date":"October 30 2022, 00:52:27"}
{"timestamp":1667251062,"date":"October 31 2022, 21:17:42"}
{"timestamp":1676981359,"date":"February 21 2023, 12:09:19"}
{"timestamp":1678092786,"date":"March 06 2023, 08:53:06"}
{"timestamp":1678110751,"date":"March 06 2023, 13:52:31"}
{"timestamp":1678113668,"date":"March 06 2023, 14:41:08"}
{"timestamp":1678118837,"date":"March 06 2023, 16:07:17"}
{"timestamp":1678195658,"date":"March 07 2023, 13:27:38"}
{"timestamp":1678288893,"date":"March 08 2023, 15:21:33"}
{"timestamp":1678308766,"date":"March 08 2023, 20:52:46"}
{"timestamp":1678314159,"date":"March 08 2023, 23:22:39"}
{"timestamp":1678315149,"date":"March 08 2023, 23:39:09"}
{"timestamp":1678354790,"date":"March 09 2023, 10:39:50"}
{"timestamp":1678367360,"date":"March 09 2023, 14:09:20"}
{"timestamp":1678897615,"date":"March 15 2023, 17:26:55"}
{"timestamp":1679427336,"date":"March 21 2023, 20:35:36"}
{"timestamp":1679614154,"date":"March 24 2023, 00:29:14"}
{"timestamp":1679771774,"date":"March 25 2023, 20:16:14"}
{"timestamp":1679777981,"date":"March 25 2023, 21:59:41"}
{"timestamp":1679778193,"date":"March 25 2023, 22:03:13"}
{"timestamp":1679838433,"date":"March 26 2023, 15:47:13"}
{"timestamp":1679938239,"date":"March 27 2023, 19:30:39"}
{"timestamp":1679954792,"date":"March 28 2023, 00:06:32"}
{"timestamp":1692980322,"date":"August 25 2023, 18:18:42"}
{"timestamp":1693326180,"date":"August 29 2023, 18:23:00"}
{"timestamp":1693326554,"date":"August 29 2023, 18:29:14"}
{"timestamp":1693327134,"date":"August 29 2023, 18:38:54"}
{"timestamp":1693327157,"date":"August 29 2023, 18:39:17"}
{"timestamp":1693327600,"date":"August 29 2023, 18:46:40"}
{"timestamp":1693327610,"date":"August 29 2023, 18:46:50"}
{"timestamp":1693331860,"date":"August 29 2023, 19:57:40"}
